<?xml version="1.0" encoding="UTF-8"?>
<coverage generated="1728994641617" clover="3.2.0">
  <project timestamp="1728994641617" name="All files">
    <metrics statements="34" coveredstatements="29" conditionals="16" coveredconditionals="11" methods="8" coveredmethods="8" elements="58" coveredelements="48" complexity="0" loc="34" ncloc="34" packages="1" files="1" classes="1"/>
    <file name="user.js" path="C:\Users\GuilhermeCursino\OneDrive - Mericon Engineering AB\Skrivbordet\VSCode\inloggnings_app\src\user.js">
      <metrics statements="34" coveredstatements="29" conditionals="16" coveredconditionals="11" methods="8" coveredmethods="8"/>
      <line num="7" count="6" type="stmt"/>
      <line num="8" count="6" type="stmt"/>
      <line num="16" count="1" type="stmt"/>
      <line num="26" count="1" type="stmt"/>
      <line num="27" count="7" type="stmt"/>
      <line num="28" count="7" type="stmt"/>
      <line num="39" count="1" type="stmt"/>
      <line num="40" count="2" type="stmt"/>
      <line num="41" count="2" type="cond" truecount="1" falsecount="1"/>
      <line num="42" count="0" type="stmt"/>
      <line num="44" count="2" type="cond" truecount="2" falsecount="0"/>
      <line num="45" count="1" type="stmt"/>
      <line num="47" count="1" type="stmt"/>
      <line num="57" count="1" type="stmt"/>
      <line num="58" count="7" type="cond" truecount="2" falsecount="0"/>
      <line num="59" count="1" type="stmt"/>
      <line num="61" count="6" type="cond" truecount="1" falsecount="1"/>
      <line num="62" count="0" type="stmt"/>
      <line num="64" count="6" type="stmt"/>
      <line num="65" count="6" type="stmt"/>
      <line num="66" count="6" type="stmt"/>
      <line num="78" count="1" type="stmt"/>
      <line num="79" count="2" type="stmt"/>
      <line num="80" count="2" type="cond" truecount="1" falsecount="1"/>
      <line num="81" count="0" type="stmt"/>
      <line num="83" count="2" type="cond" truecount="2" falsecount="0"/>
      <line num="84" count="1" type="stmt"/>
      <line num="86" count="1" type="cond" truecount="1" falsecount="1"/>
      <line num="87" count="0" type="stmt"/>
      <line num="89" count="1" type="cond" truecount="1" falsecount="1"/>
      <line num="90" count="0" type="stmt"/>
      <line num="92" count="1" type="stmt"/>
      <line num="93" count="1" type="stmt"/>
      <line num="97" count="1" type="stmt"/>
    </file>
  </project>
</coverage>
