{"C:\\Users\\GuilhermeCursino\\OneDrive - Mericon Engineering AB\\Skrivbordet\\VSCode\\inloggnings_app\\src\\user.js": {"path":"C:\\Users\\GuilhermeCursino\\OneDrive - Mericon Engineering AB\\Skrivbordet\\VSCode\\inloggnings_app\\src\\user.js","statementMap":{"0":{"start":{"line":7,"column":6},"end":{"line":7,"column":31}},"1":{"start":{"line":8,"column":6},"end":{"line":8,"column":31}},"2":{"start":{"line":16,"column":16},"end":{"line":16,"column":18}},"3":{"start":{"line":26,"column":24},"end":{"line":29,"column":1}},"4":{"start":{"line":27,"column":26},"end":{"line":27,"column":60}},"5":{"start":{"line":28,"column":4},"end":{"line":28,"column":40}},"6":{"start":{"line":39,"column":16},"end":{"line":48,"column":3}},"7":{"start":{"line":40,"column":17},"end":{"line":40,"column":63}},"8":{"start":{"line":40,"column":36},"end":{"line":40,"column":62}},"9":{"start":{"line":41,"column":4},"end":{"line":43,"column":5}},"10":{"start":{"line":42,"column":6},"end":{"line":42,"column":41}},"11":{"start":{"line":44,"column":4},"end":{"line":46,"column":5}},"12":{"start":{"line":45,"column":6},"end":{"line":45,"column":41}},"13":{"start":{"line":47,"column":4},"end":{"line":47,"column":16}},"14":{"start":{"line":57,"column":21},"end":{"line":67,"column":3}},"15":{"start":{"line":58,"column":4},"end":{"line":60,"column":5}},"16":{"start":{"line":58,"column":27},"end":{"line":58,"column":53}},"17":{"start":{"line":59,"column":6},"end":{"line":59,"column":46}},"18":{"start":{"line":61,"column":4},"end":{"line":63,"column":5}},"19":{"start":{"line":62,"column":6},"end":{"line":62,"column":67}},"20":{"start":{"line":64,"column":20},"end":{"line":64,"column":48}},"21":{"start":{"line":65,"column":4},"end":{"line":65,"column":24}},"22":{"start":{"line":66,"column":4},"end":{"line":66,"column":19}},"23":{"start":{"line":78,"column":23},"end":{"line":94,"column":1}},"24":{"start":{"line":79,"column":25},"end":{"line":79,"column":70}},"25":{"start":{"line":79,"column":41},"end":{"line":79,"column":69}},"26":{"start":{"line":80,"column":4},"end":{"line":82,"column":5}},"27":{"start":{"line":81,"column":8},"end":{"line":81,"column":39}},"28":{"start":{"line":83,"column":4},"end":{"line":85,"column":5}},"29":{"start":{"line":84,"column":8},"end":{"line":84,"column":52}},"30":{"start":{"line":86,"column":4},"end":{"line":88,"column":5}},"31":{"start":{"line":87,"column":8},"end":{"line":87,"column":72}},"32":{"start":{"line":89,"column":4},"end":{"line":91,"column":5}},"33":{"start":{"line":90,"column":8},"end":{"line":90,"column":73}},"34":{"start":{"line":92,"column":4},"end":{"line":92,"column":40}},"35":{"start":{"line":93,"column":4},"end":{"line":93,"column":16}},"36":{"start":{"line":97,"column":2},"end":{"line":103,"column":4}}},"fnMap":{"0":{"name":"(anonymous_0)","decl":{"start":{"line":6,"column":4},"end":{"line":6,"column":5}},"loc":{"start":{"line":6,"column":36},"end":{"line":9,"column":5}},"line":6},"1":{"name":"(anonymous_1)","decl":{"start":{"line":26,"column":24},"end":{"line":26,"column":25}},"loc":{"start":{"line":26,"column":38},"end":{"line":29,"column":1}},"line":26},"2":{"name":"(anonymous_2)","decl":{"start":{"line":39,"column":16},"end":{"line":39,"column":17}},"loc":{"start":{"line":39,"column":40},"end":{"line":48,"column":3}},"line":39},"3":{"name":"(anonymous_3)","decl":{"start":{"line":40,"column":28},"end":{"line":40,"column":29}},"loc":{"start":{"line":40,"column":36},"end":{"line":40,"column":62}},"line":40},"4":{"name":"(anonymous_4)","decl":{"start":{"line":57,"column":21},"end":{"line":57,"column":22}},"loc":{"start":{"line":57,"column":45},"end":{"line":67,"column":3}},"line":57},"5":{"name":"(anonymous_5)","decl":{"start":{"line":58,"column":19},"end":{"line":58,"column":20}},"loc":{"start":{"line":58,"column":27},"end":{"line":58,"column":53}},"line":58},"6":{"name":"(anonymous_6)","decl":{"start":{"line":78,"column":23},"end":{"line":78,"column":24}},"loc":{"start":{"line":78,"column":59},"end":{"line":94,"column":1}},"line":78},"7":{"name":"(anonymous_7)","decl":{"start":{"line":79,"column":36},"end":{"line":79,"column":37}},"loc":{"start":{"line":79,"column":41},"end":{"line":79,"column":69}},"line":79}},"branchMap":{"0":{"loc":{"start":{"line":41,"column":4},"end":{"line":43,"column":5}},"type":"if","locations":[{"start":{"line":41,"column":4},"end":{"line":43,"column":5}},{"start":{},"end":{}}],"line":41},"1":{"loc":{"start":{"line":44,"column":4},"end":{"line":46,"column":5}},"type":"if","locations":[{"start":{"line":44,"column":4},"end":{"line":46,"column":5}},{"start":{},"end":{}}],"line":44},"2":{"loc":{"start":{"line":58,"column":4},"end":{"line":60,"column":5}},"type":"if","locations":[{"start":{"line":58,"column":4},"end":{"line":60,"column":5}},{"start":{},"end":{}}],"line":58},"3":{"loc":{"start":{"line":61,"column":4},"end":{"line":63,"column":5}},"type":"if","locations":[{"start":{"line":61,"column":4},"end":{"line":63,"column":5}},{"start":{},"end":{}}],"line":61},"4":{"loc":{"start":{"line":80,"column":4},"end":{"line":82,"column":5}},"type":"if","locations":[{"start":{"line":80,"column":4},"end":{"line":82,"column":5}},{"start":{},"end":{}}],"line":80},"5":{"loc":{"start":{"line":83,"column":4},"end":{"line":85,"column":5}},"type":"if","locations":[{"start":{"line":83,"column":4},"end":{"line":85,"column":5}},{"start":{},"end":{}}],"line":83},"6":{"loc":{"start":{"line":86,"column":4},"end":{"line":88,"column":5}},"type":"if","locations":[{"start":{"line":86,"column":4},"end":{"line":88,"column":5}},{"start":{},"end":{}}],"line":86},"7":{"loc":{"start":{"line":89,"column":4},"end":{"line":91,"column":5}},"type":"if","locations":[{"start":{"line":89,"column":4},"end":{"line":91,"column":5}},{"start":{},"end":{}}],"line":89}},"s":{"0":6,"1":6,"2":1,"3":1,"4":7,"5":7,"6":1,"7":2,"8":2,"9":2,"10":0,"11":2,"12":1,"13":1,"14":1,"15":7,"16":1,"17":1,"18":6,"19":0,"20":6,"21":6,"22":6,"23":1,"24":2,"25":2,"26":2,"27":0,"28":2,"29":1,"30":1,"31":0,"32":1,"33":0,"34":1,"35":1,"36":1},"f":{"0":6,"1":7,"2":2,"3":2,"4":7,"5":1,"6":2,"7":2},"b":{"0":[0,2],"1":[1,1],"2":[1,6],"3":[0,6],"4":[0,2],"5":[1,1],"6":[0,1],"7":[0,1]},"_coverageSchema":"1a1c01bbd47fc00a2c39e90264f33305004495a9","hash":"1066877e86dde479801c3b23c7496943db6e2839"}
}
