TN:
SF:src\user.js
FN:6,(anonymous_0)
FN:26,(anonymous_1)
FN:39,(anonymous_2)
FN:40,(anonymous_3)
FN:57,(anonymous_4)
FN:58,(anonymous_5)
FN:78,(anonymous_6)
FN:79,(anonymous_7)
FNF:8
FNH:8
FNDA:6,(anonymous_0)
FNDA:7,(anonymous_1)
FNDA:2,(anonymous_2)
FNDA:2,(anonymous_3)
FNDA:7,(anonymous_4)
FNDA:1,(anonymous_5)
FNDA:2,(anonymous_6)
FNDA:2,(anonymous_7)
DA:7,6
DA:8,6
DA:16,1
DA:26,1
DA:27,7
DA:28,7
DA:39,1
DA:40,2
DA:41,2
DA:42,0
DA:44,2
DA:45,1
DA:47,1
DA:57,1
DA:58,7
DA:59,1
DA:61,6
DA:62,0
DA:64,6
DA:65,6
DA:66,6
DA:78,1
DA:79,2
DA:80,2
DA:81,0
DA:83,2
DA:84,1
DA:86,1
DA:87,0
DA:89,1
DA:90,0
DA:92,1
DA:93,1
DA:97,1
LF:34
LH:29
BRDA:41,0,0,0
BRDA:41,0,1,2
BRDA:44,1,0,1
BRDA:44,1,1,1
BRDA:58,2,0,1
BRDA:58,2,1,6
BRDA:61,3,0,0
BRDA:61,3,1,6
BRDA:80,4,0,0
BRDA:80,4,1,2
BRDA:83,5,0,1
BRDA:83,5,1,1
BRDA:86,6,0,0
BRDA:86,6,1,1
BRDA:89,7,0,0
BRDA:89,7,1,1
BRF:16
BRH:11
end_of_record
